<?xml version="1.0" encoding="UTF-8" ?>
<testsuite errors="0" failures="0" hostname="Tomas-PC" name="fiuba.algo3.ejemplo1.FooTest" tests="1" time="0.092" timestamp="2014-05-30T21:10:37">
  <properties>
    <property name="java.vendor" value="Oracle Corporation" />
    <property name="coverage.summaryxml.dir" value="C:\Eclipse-Kepler\eclipse\workspace\TP2\build\reports\cobertura-summary-xml" />
    <property name="libs" value="C:\Eclipse-Kepler\eclipse\workspace\TP2\libs" />
    <property name="sun.java.launcher" value="SUN_STANDARD" />
    <property name="eclipse.pdebuild.templates" value="/C:/Eclipse-Kepler/plugins/org.eclipse.pde.build_3.8.100.v20130514-1028/templates/" />
    <property name="sun.management.compiler" value="HotSpot 64-Bit Tiered Compilers" />
    <property name="os.name" value="Windows 7" />
    <property name="sun.boot.class.path" value="C:\Program Files\Java\jre7\lib\resources.jar;C:\Program Files\Java\jre7\lib\rt.jar;C:\Program Files\Java\jre7\lib\sunrsasign.jar;C:\Program Files\Java\jre7\lib\jsse.jar;C:\Program Files\Java\jre7\lib\jce.jar;C:\Program Files\Java\jre7\lib\charsets.jar;C:\Program Files\Java\jre7\lib\jfr.jar;C:\Program Files\Java\jre7\classes" />
    <property name="reports.html.dir" value="C:\Eclipse-Kepler\eclipse\workspace\TP2\build\reports\junit-html" />
    <property name="sun.desktop" value="windows" />
    <property name="ant.file.type.tp-final-algo3" value="file" />
    <property name="java.vm.specification.vendor" value="Oracle Corporation" />
    <property name="net.sourceforge.cobertura.datafile" value="C:\Eclipse-Kepler\eclipse\workspace\TP2\build\cobertura.ser" />
    <property name="ant.home" value="C:\Eclipse-Kepler\plugins\org.apache.ant_1.8.4.v201303080030" />
    <property name="java.runtime.version" value="1.7.0_17-b02" />
    <property name="cobertura.dir" value="C:\Eclipse-Kepler\eclipse\workspace\TP2\libs" />
    <property name="user.name" value="Tomas" />
    <property name="user.language" value="es" />
    <property name="build" value="C:\Eclipse-Kepler\eclipse\workspace\TP2\build" />
    <property name="sun.boot.library.path" value="C:\Program Files\Java\jre7\bin" />
    <property name="reports.dir" value="C:\Eclipse-Kepler\eclipse\workspace\TP2\build\reports" />
    <property name="ant.project.default-target" value="test" />
    <property name="ant.project.name" value="tp-final-algo3" />
    <property name="java.version" value="1.7.0_17" />
    <property name="coverage.html.dir" value="C:\Eclipse-Kepler\eclipse\workspace\TP2\build\reports\cobertura-html" />
    <property name="user.timezone" value="" />
    <property name="sun.arch.data.model" value="64" />
    <property name="java.endorsed.dirs" value="C:\Program Files\Java\jre7\lib\endorsed" />
    <property name="sun.cpu.isalist" value="amd64" />
    <property name="sun.jnu.encoding" value="Cp1252" />
    <property name="file.encoding.pkg" value="sun.io" />
    <property name="file.separator" value="\" />
    <property name="java.specification.name" value="Java Platform API Specification" />
    <property name="classes.dir" value="C:\Eclipse-Kepler\eclipse\workspace\TP2\build" />
    <property name="java.class.version" value="51.0" />
    <property name="user.country" value="ES" />
    <property name="java.home" value="C:\Program Files\Java\jre7" />
    <property name="java.vm.info" value="mixed mode" />
    <property name="ant.file" value="C:\Eclipse-Kepler\eclipse\workspace\TP2\build.xml" />
    <property name="os.version" value="6.1" />
    <property name="path.separator" value=";" />
    <property name="java.vm.version" value="23.7-b01" />
    <property name="user.variant" value="" />
    <property name="ant.library.dir" value="C:\Eclipse-Kepler\plugins\org.apache.ant_1.8.4.v201303080030\lib" />
    <property name="java.awt.printerjob" value="sun.awt.windows.WPrinterJob" />
    <property name="JAVA_HOME" value="C:\Program Files\Java\jdk1.7.0_17\bin" />
    <property name="sun.io.unicode.encoding" value="UnicodeLittle" />
    <property name="awt.toolkit" value="sun.awt.windows.WToolkit" />
    <property name="user.script" value="" />
    <property name="eclipse.pdebuild.scripts" value="/C:/Eclipse-Kepler/plugins/org.eclipse.pde.build_3.8.100.v20130514-1028/scripts/" />
    <property name="reports.xml.dir" value="C:\Eclipse-Kepler\eclipse\workspace\TP2\build\reports\junit-xml" />
    <property name="user.home" value="C:\Users\Tomas" />
    <property name="java.specification.vendor" value="Oracle Corporation" />
    <property name="coverage.xml.dir" value="C:\Eclipse-Kepler\eclipse\workspace\TP2\build\reports\cobertura-xml" />
    <property name="java.library.path" value="C:\Program Files\Java\jre7\bin;C:\Windows\Sun\Java\bin;C:\Windows\system32;C:\Windows;C:/Program Files/Java/jdk1.7.0_17/bin/../jre/bin/server;C:/Program Files/Java/jdk1.7.0_17/bin/../jre/bin;C:/Program Files/Java/jdk1.7.0_17/bin/../jre/lib/amd64;C:\Program Files (x86)\AMD APP\bin\x86_64;C:\Program Files (x86)\AMD APP\bin\x86;C:\Windows\system32;C:\Windows;C:\Windows\System32\Wbem;C:\Windows\System32\WindowsPowerShell\v1.0\;C:\Program Files (x86)\ATI Technologies\ATI.ACE\Core-Static;C:\CodeBlocks\MinGW\bin;C:\Program Files (x86)\Subversion\bin;C:\Python27;C:\Program Files\Java\jdk1.7.0_17\bin;C:\Eclipse-Kepler;;." />
    <property name="java.vendor.url" value="http://java.oracle.com/" />
    <property name="java.vm.vendor" value="Oracle Corporation" />
    <property name="java.runtime.name" value="Java(TM) SE Runtime Environment" />
    <property name="sun.java.command" value="org.apache.tools.ant.taskdefs.optional.junit.JUnitTestRunner fiuba.algo3.ejemplo1.FooTest filtertrace=true haltOnError=false haltOnFailure=false showoutput=false outputtoformatters=true logfailedtests=true logtestlistenerevents=false formatter=org.apache.tools.ant.taskdefs.optional.junit.XMLJUnitResultFormatter,C:\Eclipse-Kepler\eclipse\workspace\TP2\build\reports\junit-xml\TEST-fiuba.algo3.ejemplo1.FooTest.xml crashfile=C:\Eclipse-Kepler\eclipse\workspace\TP2\junitvmwatcher1404849401338707073.properties propsfile=C:\Eclipse-Kepler\eclipse\workspace\TP2\junit7007186140073877394.properties" />
    <property name="java.class.path" value="C:\Eclipse-Kepler\eclipse\workspace\TP2\build\instrumented;C:\Eclipse-Kepler\eclipse\workspace\TP2\build;C:\Eclipse-Kepler\eclipse\workspace\TP2\libs\asm-3.0.jar;C:\Eclipse-Kepler\eclipse\workspace\TP2\libs\asm-tree-3.0.jar;C:\Eclipse-Kepler\eclipse\workspace\TP2\libs\checkstyle-5.5-all.jar;C:\Eclipse-Kepler\eclipse\workspace\TP2\libs\cobertura.jar;C:\Eclipse-Kepler\eclipse\workspace\TP2\libs\jakarta-oro-2.0.8.jar;C:\Eclipse-Kepler\eclipse\workspace\TP2\libs\junit-4.10.jar;C:\Eclipse-Kepler\eclipse\workspace\TP2\libs\log4j-1.2.9.jar;C:\Eclipse-Kepler\eclipse\workspace\TP2\libs\mockito-all-1.9.0.jar;C:\Eclipse-Kepler\eclipse\workspace\TP2\build\tests;C:\Eclipse-Kepler\plugins\org.apache.ant_1.8.4.v201303080030\lib\ant-launcher.jar;C:\Eclipse-Kepler\plugins\org.apache.ant_1.8.4.v201303080030\lib\ant.jar;C:\Eclipse-Kepler\plugins\org.apache.ant_1.8.4.v201303080030\lib\ant-junit.jar;C:\Eclipse-Kepler\plugins\org.apache.ant_1.8.4.v201303080030\lib\ant-junit4.jar" />
    <property name="ant.version" value="Apache Ant(TM) version 1.8.4 compiled on May 22 2012" />
    <property name="java.vm.specification.name" value="Java Virtual Machine Specification" />
    <property name="java.vm.specification.version" value="1.7" />
    <property name="sun.cpu.endian" value="little" />
    <property name="sun.os.patch.level" value="" />
    <property name="eclipse.pdebuild.home" value="/C:/Eclipse-Kepler/plugins/org.eclipse.pde.build_3.8.100.v20130514-1028/./" />
    <property name="java.io.tmpdir" value="C:\Users\Tomas\AppData\Local\Temp\" />
    <property name="java.vendor.url.bug" value="http://bugreport.sun.com/bugreport/" />
    <property name="os.arch" value="amd64" />
    <property name="java.awt.graphicsenv" value="sun.awt.Win32GraphicsEnvironment" />
    <property name="instrumented.dir" value="C:\Eclipse-Kepler\eclipse\workspace\TP2\build\instrumented" />
    <property name="java.ext.dirs" value="C:\Program Files\Java\jre7\lib\ext;C:\Windows\Sun\Java\lib\ext" />
    <property name="user.dir" value="C:\Eclipse-Kepler\eclipse\workspace\TP2" />
    <property name="line.separator" value="&#xd;&#xa;" />
    <property name="java.vm.name" value="Java HotSpot(TM) 64-Bit Server VM" />
    <property name="basedir" value="C:\Eclipse-Kepler\eclipse\workspace\TP2" />
    <property name="ant.java.version" value="1.7" />
    <property name="ant.core.lib" value="C:\Eclipse-Kepler\plugins\org.apache.ant_1.8.4.v201303080030\lib\ant.jar" />
    <property name="file.encoding" value="Cp1252" />
    <property name="ant.file.tp-final-algo3" value="C:\Eclipse-Kepler\eclipse\workspace\TP2\build.xml" />
    <property name="java.specification.version" value="1.7" />
    <property name="src.dir" value="C:\Eclipse-Kepler\eclipse\workspace\TP2\src" />
    <property name="ant.project.invoked-targets" value="test" />
  </properties>
  <testcase classname="fiuba.algo3.ejemplo1.FooTest" name="doFooShouldReturnFoo" time="0.011" />
  <system-out><![CDATA[]]></system-out>
  <system-err><![CDATA[]]></system-err>
</testsuite>
